<html>
<head>
<title>TestNG:  Default test</title>
<link href="../testng.css" rel="stylesheet" type="text/css" />
<link href="../my-testng.css" rel="stylesheet" type="text/css" />

<style type="text/css">
.log { display: none;} 
.stack-trace { display: none;} 
</style>
<script type="text/javascript">
<!--
function flip(e) {
  current = e.style.display;
  if (current == 'block') {
    e.style.display = 'none';
    return 0;
  }
  else {
    e.style.display = 'block';
    return 1;
  }
}

function toggleBox(szDivId, elem, msg1, msg2)
{
  var res = -1;  if (document.getElementById) {
    res = flip(document.getElementById(szDivId));
  }
  else if (document.all) {
    // this is the way old msie versions work
    res = flip(document.all[szDivId]);
  }
  if(elem) {
    if(res == 0) elem.innerHTML = msg1; else elem.innerHTML = msg2;
  }

}

function toggleAllBoxes() {
  if (document.getElementsByTagName) {
    d = document.getElementsByTagName('div');
    for (i = 0; i < d.length; i++) {
      if (d[i].className == 'log') {
        flip(d[i]);
      }
    }
  }
}

// -->
</script>

</head>
<body>
<h2 align='center'>Default test</h2><table border='1' align="center">
<tr>
<td>Tests passed/Failed/Skipped:</td><td>2/2/0</td>
</tr><tr>
<td>Started on:</td><td>Sun Aug 04 18:03:48 IST 2024</td>
</tr>
<tr><td>Total time:</td><td>34 seconds (34830 ms)</td>
</tr><tr>
<td>Included groups:</td><td></td>
</tr><tr>
<td>Excluded groups:</td><td></td>
</tr>
</table><p/>
<small><i>(Hover the method name to see the test class name)</i></small><p/>
<table width='100%' border='1' class='invocation-failed'>
<tr><td colspan='4' align='center'><b>FAILED TESTS</b></td></tr>
<tr><td><b>Test method</b></td>
<td><b>Attribute(s)</b></td>
<td width="30%"><b>Exception</b></td>
<td width="10%"><b>Time (seconds)</b></td>
<td><b>Instance</b></td>
</tr>
<tr>
<td title='automationpractice.runnerclass.runScenario()'><b>runScenario</b><br>Test class: automationpractice.runnerclass<br>Test method: Runs Cucumber Scenarios<br>Parameters: "verify Alert popup", "verify Sample Webpage for Automation Practice"</td>
<td><div><pre>org.openqa.selenium.NoAlertPresentException: Build info: version: &apos;4.23.0&apos;, revision: &apos;4df0a231af&apos;
System info: os.name: &apos;Windows 11&apos;, os.arch: &apos;amd64&apos;, os.version: &apos;10.0&apos;, java.version: &apos;17.0.7&apos;
Driver info: org.openqa.selenium.firefox.FirefoxDriver
Command: [09596214-9d87-40e1-85cb-ce255b6a4d49, getAlertText {}]
Capabilities {acceptInsecureCerts: true, browserName: firefox, browserVersion: 128.0.3, moz:accessibilityChecks: false, moz:buildID: 20240725162350, moz:debuggerAddress: 127.0.0.1:9850, moz:geckodriverVersion: 0.34.0, moz:headless: false, moz:platformVersion: 10.0, moz:processID: 20556, moz:profile: C:\Users\MATIND~1\AppData\L..., moz:shutdownTimeout: 60000, moz:webdriverClick: true, moz:windowless: false, pageLoadStrategy: normal, platformName: windows, proxy: Proxy(), se:cdp: ws://127.0.0.1:9850/devtool..., se:cdpVersion: 85.0, setWindowRect: true, strictFileInteractability: false, timeouts: {implicit: 0, pageLoad: 300000, script: 30000}, unhandledPromptBehavior: dismiss and notify, userAgent: Mozilla/5.0 (Windows NT 10....}
Session ID: 09596214-9d87-40e1-85cb-ce255b6a4d49
	at java.base/jdk.internal.reflect.NativeConstructorAccessorImpl.newInstance0(Native Method)
	at java.base/jdk.internal.reflect.NativeConstructorAccessorImpl.newInstance(NativeConstructorAccessorImpl.java:77)
	at java.base/jdk.internal.reflect.DelegatingConstructorAccessorImpl.newInstance(DelegatingConstructorAccessorImpl.java:45)
	at java.base/java.lang.reflect.Constructor.newInstanceWithCaller(Constructor.java:499)
	at java.base/java.lang.reflect.Constructor.newInstance(Constructor.java:480)
	at org.openqa.selenium.remote.ErrorCodec.decode(ErrorCodec.java:167)
	at org.openqa.selenium.remote.codec.w3c.W3CHttpResponseCodec.decode(W3CHttpResponseCodec.java:138)
	at org.openqa.selenium.remote.codec.w3c.W3CHttpResponseCodec.decode(W3CHttpResponseCodec.java:50)
	at org.openqa.selenium.remote.HttpCommandExecutor.execute(HttpCommandExecutor.java:190)
	at org.openqa.selenium.remote.service.DriverCommandExecutor.invokeExecute(DriverCommandExecutor.java:216)
	at org.openqa.selenium.remote.service.DriverCommandExecutor.execute(DriverCommandExecutor.java:174)
	at org.openqa.selenium.remote.RemoteWebDriver.execute(RemoteWebDriver.java:527)
	at org.openqa.selenium.remote.RemoteWebDriver.execute(RemoteWebDriver.java:600)
	at org.openqa.selenium.remote.RemoteWebDriver.execute(RemoteWebDriver.java:604)
	at org.openqa.selenium.remote.RemoteWebDriver$RemoteTargetLocator.alert(RemoteWebDriver.java:1172)
	at pages.pom.verifyalertpupup(pom.java:73)
	at automationpractice.stepdefinationclass.user_handle_alert_popup(stepdefinationclass.java:58)
	at ✽.user handle alert popup(file:///E:/Eclips%20new%201/codes/eclipse/AutomationPractice01/src/test/resources/Automationtestingfeature/auto.feature:15)
</pre></div><a href='#' onClick='toggleBox("stack-trace1805845895", this, "Click to show all stack frames", "Click to hide stack frames")'>Click to show all stack frames</a>
<div class='stack-trace' id='stack-trace1805845895'><pre>org.openqa.selenium.NoAlertPresentException: Build info: version: &apos;4.23.0&apos;, revision: &apos;4df0a231af&apos;
System info: os.name: &apos;Windows 11&apos;, os.arch: &apos;amd64&apos;, os.version: &apos;10.0&apos;, java.version: &apos;17.0.7&apos;
Driver info: org.openqa.selenium.firefox.FirefoxDriver
Command: [09596214-9d87-40e1-85cb-ce255b6a4d49, getAlertText {}]
Capabilities {acceptInsecureCerts: true, browserName: firefox, browserVersion: 128.0.3, moz:accessibilityChecks: false, moz:buildID: 20240725162350, moz:debuggerAddress: 127.0.0.1:9850, moz:geckodriverVersion: 0.34.0, moz:headless: false, moz:platformVersion: 10.0, moz:processID: 20556, moz:profile: C:\Users\MATIND~1\AppData\L..., moz:shutdownTimeout: 60000, moz:webdriverClick: true, moz:windowless: false, pageLoadStrategy: normal, platformName: windows, proxy: Proxy(), se:cdp: ws://127.0.0.1:9850/devtool..., se:cdpVersion: 85.0, setWindowRect: true, strictFileInteractability: false, timeouts: {implicit: 0, pageLoad: 300000, script: 30000}, unhandledPromptBehavior: dismiss and notify, userAgent: Mozilla/5.0 (Windows NT 10....}
Session ID: 09596214-9d87-40e1-85cb-ce255b6a4d49
	at java.base/jdk.internal.reflect.NativeConstructorAccessorImpl.newInstance0(Native Method)
	at java.base/jdk.internal.reflect.NativeConstructorAccessorImpl.newInstance(NativeConstructorAccessorImpl.java:77)
	at java.base/jdk.internal.reflect.DelegatingConstructorAccessorImpl.newInstance(DelegatingConstructorAccessorImpl.java:45)
	at java.base/java.lang.reflect.Constructor.newInstanceWithCaller(Constructor.java:499)
	at java.base/java.lang.reflect.Constructor.newInstance(Constructor.java:480)
	at org.openqa.selenium.remote.ErrorCodec.decode(ErrorCodec.java:167)
	at org.openqa.selenium.remote.codec.w3c.W3CHttpResponseCodec.decode(W3CHttpResponseCodec.java:138)
	at org.openqa.selenium.remote.codec.w3c.W3CHttpResponseCodec.decode(W3CHttpResponseCodec.java:50)
	at org.openqa.selenium.remote.HttpCommandExecutor.execute(HttpCommandExecutor.java:190)
	at org.openqa.selenium.remote.service.DriverCommandExecutor.invokeExecute(DriverCommandExecutor.java:216)
	at org.openqa.selenium.remote.service.DriverCommandExecutor.execute(DriverCommandExecutor.java:174)
	at org.openqa.selenium.remote.RemoteWebDriver.execute(RemoteWebDriver.java:527)
	at org.openqa.selenium.remote.RemoteWebDriver.execute(RemoteWebDriver.java:600)
	at org.openqa.selenium.remote.RemoteWebDriver.execute(RemoteWebDriver.java:604)
	at org.openqa.selenium.remote.RemoteWebDriver$RemoteTargetLocator.alert(RemoteWebDriver.java:1172)
	at pages.pom.verifyalertpupup(pom.java:73)
	at automationpractice.stepdefinationclass.user_handle_alert_popup(stepdefinationclass.java:58)
	at ✽.user handle alert popup(file:///E:/Eclips%20new%201/codes/eclipse/AutomationPractice01/src/test/resources/Automationtestingfeature/auto.feature:15)
</pre></div></td>
<td>5</td>
<td>automationpractice.runnerclass@5b218417</td></tr>
<tr>
<td title='automationpractice.runnerclass.runScenario()'><b>runScenario</b><br>Test class: automationpractice.runnerclass<br>Test method: Runs Cucumber Scenarios<br>Parameters: "verify text box", "verify Sample Webpage for Automation Practice"</td>
<td><div><pre>java.lang.NullPointerException: Cannot invoke &quot;org.apache.poi.ss.usermodel.Sheet.getRow(int)&quot; because the return value of &quot;org.apache.poi.ss.usermodel.Workbook.getSheet(String)&quot; is null
	at utility.util.testdata(util.java:43)
	at automationpractice.stepdefinationclass.user_cheak_cheak_text(stepdefinationclass.java:81)
	at ✽.user cheak cheak text(file:///E:/Eclips%20new%201/codes/eclipse/AutomationPractice01/src/test/resources/Automationtestingfeature/auto.feature:20)
</pre></div><a href='#' onClick='toggleBox("stack-trace1282100951", this, "Click to show all stack frames", "Click to hide stack frames")'>Click to show all stack frames</a>
<div class='stack-trace' id='stack-trace1282100951'><pre>java.lang.NullPointerException: Cannot invoke &quot;org.apache.poi.ss.usermodel.Sheet.getRow(int)&quot; because the return value of &quot;org.apache.poi.ss.usermodel.Workbook.getSheet(String)&quot; is null
	at utility.util.testdata(util.java:43)
	at automationpractice.stepdefinationclass.user_cheak_cheak_text(stepdefinationclass.java:81)
	at ✽.user cheak cheak text(file:///E:/Eclips%20new%201/codes/eclipse/AutomationPractice01/src/test/resources/Automationtestingfeature/auto.feature:20)
</pre></div></td>
<td>8</td>
<td>automationpractice.runnerclass@5b218417</td></tr>
</table><p>
<table width='100%' border='1' class='invocation-passed'>
<tr><td colspan='4' align='center'><b>PASSED TESTS</b></td></tr>
<tr><td><b>Test method</b></td>
<td><b>Attribute(s)</b></td>
<td width="30%"><b>Exception</b></td>
<td width="10%"><b>Time (seconds)</b></td>
<td><b>Instance</b></td>
</tr>
<tr>
<td title='automationpractice.runnerclass.runScenario()'><b>runScenario</b><br>Test class: automationpractice.runnerclass<br>Test method: Runs Cucumber Scenarios<br>Parameters: "verify Btn", "verify Sample Webpage for Automation Practice"</td>
<td></td>
<td>2</td>
<td>automationpractice.runnerclass@5b218417</td></tr>
<tr>
<td title='automationpractice.runnerclass.runScenario()'><b>runScenario</b><br>Test class: automationpractice.runnerclass<br>Test method: Runs Cucumber Scenarios<br>Parameters: "verify text box", "verify Sample Webpage for Automation Practice"</td>
<td></td>
<td>5</td>
<td>automationpractice.runnerclass@5b218417</td></tr>
</table><p>
</body>
</html>